<?xml version="1.0" encoding="UTF-8"?>
<!-- Generated by org.testng.reporters.JUnitXMLReporter -->
<testsuite ignored="0" hostname="Rahuls-Air.lan" failures="0" tests="2" name="Error Validations Test" time="23.17" errors="0" timestamp="2025-07-02T23:46:16 IST">
  <testcase classname="rahulshettyacademy.tests.ErrorValidationsTest" name="LoginErrorValidation" time="0.398"/>
  <testcase classname="rahulshettyacademy.tests.ErrorValidationsTest" name="ProductErrorValidation" time="12.2"/>
</testsuite> <!-- Error Validations Test -->
